<?xml version="1.0" encoding="UTF-8"?>
<beans xmlns="http://www.springframework.org/schema/beans"
	xmlns:xsi="http://www.w3.org/2001/XMLSchema-instance"
	xsi:schemaLocation="http://www.springframework.org/schema/beans http://www.springframework.org/schema/beans/spring-beans.xsd">
	<bean id="global-properties"
		class="org.alfresco.config.JndiPropertiesFactoryBean">
		<property name="locations">
			<list>
				<value>classpath*:alfresco/module/*/alfresco-global.properties
				</value>
				<value>classpath*:alfresco-global.properties</value>
			</list>
		</property>
		<property name="systemPropertiesModeName">
			<value>SYSTEM_PROPERTIES_MODE_OVERRIDE</value>
		</property>
		<property name="propertiesPersister">
			<bean class="org.alfresco.config.AlfrescoPropertiesPersister" />
		</property>
	</bean>
	<bean id="common-placeholder-configurer"
		class="org.springframework.beans.factory.config.PropertyPlaceholderConfigurer"
		abstract="true">
		<!-- Note: If you change these settings you may also want to change them 
			in the LegacyConfigPostProcessor as well. -->
		<property name="valueSeparator">
			<null />
		</property>
		<property name="ignoreUnresolvablePlaceholders">
			<value>true</value>
		</property>
		<property name="searchSystemEnvironment">
			<value>false</value>
		</property>
		<property name="propertiesPersister">
			<bean class="org.alfresco.config.AlfrescoPropertiesPersister" />
		</property>
	</bean>
	<bean id="repository-properties"
		parent="common-placeholder-configurer">
		<property name="properties">
			<ref bean="global-properties" />
		</property>
		<!-- Do not allow version information to be overriden -->
		<property name="localOverride">
			<value>false</value>
		</property>
		<property name="systemPropertiesModeName">
			<value>SYSTEM_PROPERTIES_MODE_NEVER</value>
		</property>
		<!-- Order before shared-properties to give you a chance to override its 
			parameters here -->
		<property name="order">
			<value>6</value>
		</property>
	</bean>
	<bean id="contentService"
		class="org.alfresco.mock.test.MockContentService" />
	<alias name="contentService" alias="ContentService" />
	<bean id="nodeService"
		class="org.alfresco.mock.test.MockNodeService" />
	<alias name="nodeService" alias="NodeService" />
	<bean id="FileFolderService"
		class="org.alfresco.mock.test.MockFileFolderService" />
	<bean id="SearchService"
		class="org.alfresco.mock.test.MockSearchService" />
	<alias name="SearchService" alias="searchService" />
	<bean id="mimetypeService"
		class="org.alfresco.mock.test.MockMimetypeService" />
	<bean id="NodeLocatorService"
		class="org.alfresco.mock.test.MockNodeLocatorService" />
	<bean id="baseJavaScriptExtension" abstract="true" />
	<bean id="dictionaryModelBootstrap"
		class="org.alfresco.repo.dictionary.DictionaryBootstrap"
		abstract="true" />
	<bean id="dictionaryBootstrap"
		class="org.alfresco.repo.dictionary.DictionaryBootstrap" />
	<bean id="ServiceRegistry"
		class="org.alfresco.mock.test.MockServiceRegistry">
		<property name="nodeService">
			<ref bean="NodeService" />
		</property>
		<property name="contentService">
			<ref bean="ContentService" />
		</property>
		<property name="searchService">
			<ref bean="SearchService" />
		</property>
		<property name="fileFolderService">
			<ref bean="FileFolderService" />
		</property>
		<property name="nodeLocatorService">
			<ref bean="NodeLocatorService" />
		</property>
		<property name="namespaceService">
			<ref bean="NamespaceService" />
		</property>
		<property name="scriptService">
			<ref bean="ScriptService" />
		</property>
		<property name="mimetypeService">
			<ref bean="MimetypeService" />
		</property>
		<property name="importerService">
			<ref bean="ImporterService" />
		</property>
	</bean>
	<bean id="action-executer" abstract="true" />
	<alias name="mimetypeService" alias="MimetypeService" />
	<bean id="ImporterService"
		class="org.alfresco.mock.test.MockImporterService" />
	<bean id="tenantService"
		class="org.alfresco.mock.test.MockTenantService" />
	<bean id="ScriptService"
		class="org.alfresco.mock.test.MockScriptService" />
	<bean id="NamespaceService"
		class="org.alfresco.service.namespace.NamespaceServiceMemoryImpl" />
	<bean id="PersonService"
		class="org.alfresco.mock.test.MockPersonService" />
	<bean id="DictionaryService"
		class="org.alfresco.mock.test.MockDictionaryService" />
	<bean id="messageService"
		class="org.alfresco.mock.test.MockMessageService" />
	<bean id="repositoryHelper"
		class="org.alfresco.mock.test.MockRepositoryHelper" />
	<bean id="authorityService"
		class="org.alfresco.mock.test.MockAuthorityService" />
	<bean id="transactionManager"
		class="org.alfresco.mock.test.MockTransactionManager" />
	<bean id="transactionService"
		class="org.alfresco.mock.test.MockTransactionService" />
	<bean id="retryingTransactionHelper"
		class="org.alfresco.mock.test.MockRetryingTransactionHelper">
		<property name="transactionService" ref="transactionService" />
	</bean>
	<bean id="spacesBootstrap"
		class="org.alfresco.mock.test.MockSpacesBootstrap">
		<property name="transactionService" ref="transactionService" />
		<property name="retryingTransactionHelper"
			ref="retryingTransactionHelper" />
		<property name="namespaceService" ref="namespaceService" />
		<property name="nodeService" ref="nodeService" />
		<property name="importerService" ref="ImporterService" />
	</bean>
	<bean id="permissionService"
		class="org.alfresco.mock.test.MockPermissionService" />
	<bean id="policyBehaviourFilter"
		class="org.alfresco.mock.test.MockPolicyBehaviourFilter" />
	<bean id="AVMSyncService"
		class="org.alfresco.mock.test.MockAVMSyncService" />
	<bean id="AVMService"
		class="org.alfresco.mock.test.MockAVMService" />
	<bean id="NotificationService"
		class="org.alfresco.mock.test.MockNotificationService" />
	<bean id="tenantAdminService"
		class="org.alfresco.mock.test.MockTenantAdminService" />
	<bean id="templateService"
		class="org.alfresco.mock.test.MockTemplateService" />
	<alias name="NamespaceService" alias="namespaceService" />
	<alias name="ServiceRegistry" alias="services" />
	<alias name="DictionaryService" alias="dictionaryService" />
	<alias name="PersonService" alias="personService" />
	<alias name="FileFolderService" alias="fileFolderService" />
</beans>