<?xml version="1.0" encoding="UTF-8"?>
<beans xmlns="http://www.springframework.org/schema/beans"
	xmlns:xsi="http://www.w3.org/2001/XMLSchema-instance"
	xsi:schemaLocation="http://www.springframework.org/schema/beans http://www.springframework.org/schema/beans/spring-beans.xsd">
	<bean id="webscripts.container"
		class="org.alfresco.mock.test.ws.MockContainer" />
	<bean id="webscripts.description"
		class="org.alfresco.mock.test.ws.MockDescription" />
	<bean id="webscript" abstract="true" />
	<import resource="classpath:test-context.xml" />
</beans>